nohup: ignoring input

> admin-panel@0.1.0 dev
> next dev -p 3001

▲ Next.js 16.1.1 (Turbopack)
- Local:         http://localhost:3001
- Network:       http://10.255.255.254:3001
- Environments: .env.local

✓ Starting...
✓ Ready in 1078ms
 GET / 307 in 2.6s (compile: 1938ms, render: 698ms)
○ Compiling /chats ...
 GET /chats 200 in 4.2s (compile: 3.8s, render: 337ms)
 GET /api/auth/session 200 in 7.2s (compile: 6.8s, render: 353ms)
 GET /login 200 in 695ms (compile: 279ms, render: 417ms)
 GET /api/auth/session 200 in 373ms (compile: 143ms, render: 230ms)
 GET /api/auth/session 200 in 91ms (compile: 26ms, render: 65ms)
 GET /api/auth/providers 200 in 67ms (compile: 42ms, render: 25ms)
 GET /api/auth/csrf 200 in 31ms (compile: 12ms, render: 19ms)
 POST /api/auth/signin/google 200 in 223ms (compile: 20ms, render: 204ms)
 GET /api/auth/callback/google?state=VGJlVe2r5J5K30XNJbtAlvJi-GTaJyptAlgN-kN42s4&code=4%2F0ATX87lPMPGgevFL0TuhTwbjSLafvvg8H9ZITYMFaexJYivzwkC-E1Pi5_-mR07hM_4EbYQ&scope=email+profile+https%3A%2F%2Fwww.googleapis.com%2Fauth%2Fuserinfo.email+https%3A%2F%2Fwww.googleapis.com%2Fauth%2Fuserinfo.profile+openid&authuser=0&prompt=none 302 in 514ms (compile: 7ms, render: 507ms)
 GET /chats 200 in 54ms (compile: 8ms, render: 46ms)
 GET /api/auth/session 200 in 92ms (compile: 56ms, render: 36ms)
 GET /api/auth/session 200 in 37ms (compile: 3ms, render: 34ms)
 GET /chats 200 in 215ms (compile: 37ms, render: 179ms)
 GET /api/auth/session 200 in 330ms (compile: 176ms, render: 154ms)
 GET /api/auth/session 200 in 109ms (compile: 20ms, render: 89ms)
 GET /api/auth/session 200 in 73ms (compile: 16ms, render: 57ms)
✓ Compiled in 3.2s
✓ Compiled in 959ms
 GET /chats 200 in 2.6s (compile: 878ms, render: 1728ms)
 GET /api/auth/session 200 in 332ms (compile: 210ms, render: 122ms)
 GET /api/auth/session 200 in 187ms (compile: 19ms, render: 168ms)
 GET /chats 200 in 195ms (compile: 50ms, render: 145ms)
 GET /api/auth/session 200 in 462ms (compile: 214ms, render: 248ms)
 GET /api/auth/session 200 in 100ms (compile: 34ms, render: 67ms)
 GET /api/auth/session 200 in 158ms (compile: 44ms, render: 114ms)
 GET /api/auth/session 200 in 353ms (compile: 232ms, render: 121ms)
 GET /api/auth/session 200 in 110ms (compile: 34ms, render: 76ms)
 GET /api/auth/session 200 in 131ms (compile: 30ms, render: 100ms)
 GET /api/auth/session 200 in 63ms (compile: 6ms, render: 57ms)
 GET /api/auth/session 200 in 92ms (compile: 22ms, render: 70ms)
✓ Compiled in 333ms
 GET /chats 200 in 645ms (compile: 304ms, render: 341ms)
 GET /chats 200 in 284ms (compile: 24ms, render: 261ms)
 GET /chats 200 in 285ms (compile: 20ms, render: 265ms)
 GET /chats 200 in 307ms (compile: 13ms, render: 294ms)
 GET /chats 200 in 341ms (compile: 26ms, render: 315ms)
 GET /chats 200 in 525ms (compile: 46ms, render: 479ms)
 GET /chats 200 in 406ms (compile: 25ms, render: 381ms)
 GET /chats 200 in 315ms (compile: 34ms, render: 281ms)
 GET /chats 200 in 183ms (compile: 30ms, render: 153ms)
✓ Compiled in 1553ms
✓ Compiled in 683ms
✓ Compiled in 373ms
