
> api-server@0.0.1 start:dev
> nest start --watch

[2J[3J[H[[90m7:26:32 PM[0m] Starting compilation in watch mode...

[[90m7:26:36 PM[0m] Found 0 errors. Watching for file changes.

[32m[Nest] 70184  - [39m01/03/2026, 7:26:37 PM [32m    LOG[39m [38;5;3m[NestFactory] [39m[32mStarting Nest application...[39m
[32m[Nest] 70184  - [39m01/03/2026, 7:26:37 PM [32m    LOG[39m [38;5;3m[InstanceLoader] [39m[32mPrismaModule dependencies initialized[39m[38;5;3m +16ms[39m
[32m[Nest] 70184  - [39m01/03/2026, 7:26:37 PM [32m    LOG[39m [38;5;3m[InstanceLoader] [39m[32mConfigHostModule dependencies initialized[39m[38;5;3m +1ms[39m
[32m[Nest] 70184  - [39m01/03/2026, 7:26:37 PM [32m    LOG[39m [38;5;3m[InstanceLoader] [39m[32mAppModule dependencies initialized[39m[38;5;3m +2ms[39m
[32m[Nest] 70184  - [39m01/03/2026, 7:26:37 PM [32m    LOG[39m [38;5;3m[InstanceLoader] [39m[32mConfigModule dependencies initialized[39m[38;5;3m +0ms[39m
[32m[Nest] 70184  - [39m01/03/2026, 7:26:37 PM [32m    LOG[39m [38;5;3m[InstanceLoader] [39m[32mConfigModule dependencies initialized[39m[38;5;3m +0ms[39m
[32m[Nest] 70184  - [39m01/03/2026, 7:26:37 PM [32m    LOG[39m [38;5;3m[InstanceLoader] [39m[32mWidgetSettingsModule dependencies initialized[39m[38;5;3m +0ms[39m
[32m[Nest] 70184  - [39m01/03/2026, 7:26:37 PM [32m    LOG[39m [38;5;3m[InstanceLoader] [39m[32mUploadModule dependencies initialized[39m[38;5;3m +0ms[39m
[32m[Nest] 70184  - [39m01/03/2026, 7:26:37 PM [32m    LOG[39m [38;5;3m[InstanceLoader] [39m[32mJwtModule dependencies initialized[39m[38;5;3m +1ms[39m
[32m[Nest] 70184  - [39m01/03/2026, 7:26:37 PM [32m    LOG[39m [38;5;3m[InstanceLoader] [39m[32mChatModule dependencies initialized[39m[38;5;3m +0ms[39m
[32m[Nest] 70184  - [39m01/03/2026, 7:26:37 PM [32m    LOG[39m [38;5;3m[InstanceLoader] [39m[32mOrganizationModule dependencies initialized[39m[38;5;3m +1ms[39m
[32m[Nest] 70184  - [39m01/03/2026, 7:26:37 PM [32m    LOG[39m [38;5;3m[InstanceLoader] [39m[32mSitesModule dependencies initialized[39m[38;5;3m +0ms[39m
[32m[Nest] 70184  - [39m01/03/2026, 7:26:37 PM [32m    LOG[39m [38;5;3m[InstanceLoader] [39m[32mAuthModule dependencies initialized[39m[38;5;3m +1ms[39m
[32m[Nest] 70184  - [39m01/03/2026, 7:26:37 PM [32m    LOG[39m [38;5;3m[WebSocketsController] [39m[32mChatGateway subscribed to the "visitor:join" message[39m[38;5;3m +11ms[39m
[32m[Nest] 70184  - [39m01/03/2026, 7:26:37 PM [32m    LOG[39m [38;5;3m[WebSocketsController] [39m[32mChatGateway subscribed to the "visitor:message" message[39m[38;5;3m +0ms[39m
[32m[Nest] 70184  - [39m01/03/2026, 7:26:37 PM [32m    LOG[39m [38;5;3m[WebSocketsController] [39m[32mChatGateway subscribed to the "admin:join" message[39m[38;5;3m +1ms[39m
[32m[Nest] 70184  - [39m01/03/2026, 7:26:37 PM [32m    LOG[39m [38;5;3m[WebSocketsController] [39m[32mChatGateway subscribed to the "admin:message" message[39m[38;5;3m +0ms[39m
[32m[Nest] 70184  - [39m01/03/2026, 7:26:37 PM [32m    LOG[39m [38;5;3m[RoutesResolver] [39m[32mAppController {/}:[39m[38;5;3m +2ms[39m
[32m[Nest] 70184  - [39m01/03/2026, 7:26:37 PM [32m    LOG[39m [38;5;3m[RouterExplorer] [39m[32mMapped {/, GET} route[39m[38;5;3m +3ms[39m
[32m[Nest] 70184  - [39m01/03/2026, 7:26:37 PM [32m    LOG[39m [38;5;3m[RoutesResolver] [39m[32mAuthController {/auth}:[39m[38;5;3m +1ms[39m
[32m[Nest] 70184  - [39m01/03/2026, 7:26:37 PM [32m    LOG[39m [38;5;3m[RouterExplorer] [39m[32mMapped {/auth/google, GET} route[39m[38;5;3m +1ms[39m
[32m[Nest] 70184  - [39m01/03/2026, 7:26:37 PM [32m    LOG[39m [38;5;3m[RouterExplorer] [39m[32mMapped {/auth/register, POST} route[39m[38;5;3m +1ms[39m
[32m[Nest] 70184  - [39m01/03/2026, 7:26:37 PM [32m    LOG[39m [38;5;3m[RouterExplorer] [39m[32mMapped {/auth/login, POST} route[39m[38;5;3m +0ms[39m
[32m[Nest] 70184  - [39m01/03/2026, 7:26:37 PM [32m    LOG[39m [38;5;3m[RouterExplorer] [39m[32mMapped {/auth/google/callback, GET} route[39m[38;5;3m +1ms[39m
[32m[Nest] 70184  - [39m01/03/2026, 7:26:37 PM [32m    LOG[39m [38;5;3m[RouterExplorer] [39m[32mMapped {/auth/profile, GET} route[39m[38;5;3m +0ms[39m
[32m[Nest] 70184  - [39m01/03/2026, 7:26:37 PM [32m    LOG[39m [38;5;3m[RoutesResolver] [39m[32mOrganizationController {/organization}:[39m[38;5;3m +0ms[39m
[32m[Nest] 70184  - [39m01/03/2026, 7:26:37 PM [32m    LOG[39m [38;5;3m[RouterExplorer] [39m[32mMapped {/organization/my, GET} route[39m[38;5;3m +1ms[39m
[32m[Nest] 70184  - [39m01/03/2026, 7:26:37 PM [32m    LOG[39m [38;5;3m[RouterExplorer] [39m[32mMapped {/organization/settings, GET} route[39m[38;5;3m +0ms[39m
[32m[Nest] 70184  - [39m01/03/2026, 7:26:37 PM [32m    LOG[39m [38;5;3m[RouterExplorer] [39m[32mMapped {/organization/settings, PUT} route[39m[38;5;3m +1ms[39m
[32m[Nest] 70184  - [39m01/03/2026, 7:26:37 PM [32m    LOG[39m [38;5;3m[RouterExplorer] [39m[32mMapped {/organization/add-user, POST} route[39m[38;5;3m +0ms[39m
[32m[Nest] 70184  - [39m01/03/2026, 7:26:37 PM [32m    LOG[39m [38;5;3m[RoutesResolver] [39m[32mSitesController {/sites}:[39m[38;5;3m +0ms[39m
[32m[Nest] 70184  - [39m01/03/2026, 7:26:37 PM [32m    LOG[39m [38;5;3m[RouterExplorer] [39m[32mMapped {/sites, POST} route[39m[38;5;3m +1ms[39m
[32m[Nest] 70184  - [39m01/03/2026, 7:26:37 PM [32m    LOG[39m [38;5;3m[RouterExplorer] [39m[32mMapped {/sites, GET} route[39m[38;5;3m +0ms[39m
[32m[Nest] 70184  - [39m01/03/2026, 7:26:37 PM [32m    LOG[39m [38;5;3m[RouterExplorer] [39m[32mMapped {/sites/invite, POST} route[39m[38;5;3m +0ms[39m
[32m[Nest] 70184  - [39m01/03/2026, 7:26:37 PM [32m    LOG[39m [38;5;3m[RoutesResolver] [39m[32mChatController {/chats}:[39m[38;5;3m +0ms[39m
[32m[Nest] 70184  - [39m01/03/2026, 7:26:37 PM [32m    LOG[39m [38;5;3m[RouterExplorer] [39m[32mMapped {/chats/site/:siteId, GET} route[39m[38;5;3m +1ms[39m
[32m[Nest] 70184  - [39m01/03/2026, 7:26:37 PM [32m    LOG[39m [38;5;3m[RouterExplorer] [39m[32mMapped {/chats/:chatId/history, GET} route[39m[38;5;3m +0ms[39m
[32m[Nest] 70184  - [39m01/03/2026, 7:26:37 PM [32m    LOG[39m [38;5;3m[RouterExplorer] [39m[32mMapped {/chats/:chatId/clear, DELETE} route[39m[38;5;3m +1ms[39m
[32m[Nest] 70184  - [39m01/03/2026, 7:26:37 PM [32m    LOG[39m [38;5;3m[RouterExplorer] [39m[32mMapped {/chats/:chatId, DELETE} route[39m[38;5;3m +0ms[39m
[32m[Nest] 70184  - [39m01/03/2026, 7:26:37 PM [32m    LOG[39m [38;5;3m[RoutesResolver] [39m[32mWidgetSettingsController {/widget-settings}:[39m[38;5;3m +0ms[39m
[32m[Nest] 70184  - [39m01/03/2026, 7:26:37 PM [32m    LOG[39m [38;5;3m[RouterExplorer] [39m[32mMapped {/widget-settings/:organizationId, GET} route[39m[38;5;3m +1ms[39m
[32m[Nest] 70184  - [39m01/03/2026, 7:26:37 PM [32m    LOG[39m [38;5;3m[RouterExplorer] [39m[32mMapped {/widget-settings/:organizationId, PUT} route[39m[38;5;3m +0ms[39m
[32m[Nest] 70184  - [39m01/03/2026, 7:26:37 PM [32m    LOG[39m [38;5;3m[RoutesResolver] [39m[32mUploadController {/upload}:[39m[38;5;3m +0ms[39m
[32m[Nest] 70184  - [39m01/03/2026, 7:26:37 PM [32m    LOG[39m [38;5;3m[RouterExplorer] [39m[32mMapped {/upload, POST} route[39m[38;5;3m +1ms[39m
[32m[Nest] 70184  - [39m01/03/2026, 7:26:37 PM [32m    LOG[39m [38;5;3m[NestApplication] [39m[32mNest application successfully started[39m[38;5;3m +81ms[39m
Client connected: XjRQfY0YCqjNvaldAAAB
Visitor v_7j1pkf3o5b3mjwrkx6j joined room chat:8df94c53-1364-4bbd-99a4-f9a0ffb01f9a:v_7j1pkf3o5b3mjwrkx6j
Client connected: uJaj-O9NPGWorC06AAAD
Visitor v_vyjs6kf5xxamjx05x0w joined room chat:8df94c53-1364-4bbd-99a4-f9a0ffb01f9a:v_vyjs6kf5xxamjx05x0w
Client disconnected: XjRQfY0YCqjNvaldAAAB
Client connected: Eda7yCm8wyqJA53XAAAF
Visitor v_7j1pkf3o5b3mjwrkx6j joined room chat:8df94c53-1364-4bbd-99a4-f9a0ffb01f9a:v_7j1pkf3o5b3mjwrkx6j
